<?xml version="1.0" encoding="UTF-8"?>
<testng-results skipped="0" failed="0" ignored="0" total="1" passed="1">
  <reporter-output>
  </reporter-output>
  <suite name="suite" duration-ms="14770" started-at="2020-06-16T03:28:59Z" finished-at="2020-06-16T03:29:13Z">
    <groups>
    </groups>
    <test name="test1" duration-ms="14770" started-at="2020-06-16T03:28:59Z" finished-at="2020-06-16T03:29:13Z">
      <class name="testcases.LoginTest">
        <test-method status="PASS" signature="initDriver()[pri:0, instance:testcases.LoginTest@6bf256fa]" name="initDriver" is-config="true" duration-ms="6068" started-at="2020-06-16T03:28:59Z" finished-at="2020-06-16T03:29:05Z">
          <reporter-output>
          </reporter-output>
        </test-method> <!-- initDriver -->
        <test-method status="PASS" signature="data()[pri:0, instance:testcases.LoginTest@6bf256fa]" name="data" is-config="true" duration-ms="3" started-at="2020-06-16T03:29:05Z" depends-on-methods="testcases.BaseTest.initDriver" finished-at="2020-06-16T03:29:05Z">
          <reporter-output>
          </reporter-output>
        </test-method> <!-- data -->
        <test-method status="PASS" signature="emptyEmail()[pri:0, instance:testcases.LoginTest@6bf256fa]" name="emptyEmail" duration-ms="8130" started-at="2020-06-16T03:29:05Z" finished-at="2020-06-16T03:29:13Z">
          <reporter-output>
          </reporter-output>
        </test-method> <!-- emptyEmail -->
        <test-method status="PASS" signature="tearDown()[pri:0, instance:testcases.LoginTest@6bf256fa]" name="tearDown" is-config="true" duration-ms="558" started-at="2020-06-16T03:29:13Z" finished-at="2020-06-16T03:29:13Z">
          <reporter-output>
          </reporter-output>
        </test-method> <!-- tearDown -->
      </class> <!-- testcases.LoginTest -->
    </test> <!-- test1 -->
  </suite> <!-- suite -->
</testng-results>
